<?xml version="1.0" encoding="UTF-8"?>
<!-- Generated by org.testng.reporters.JUnitReportReporter -->
<testsuite hostname="WIN-GE900IP5KFS" failures="0" tests="3" name="myTestSeleniumPackage.DataProviderExampleClass" time="0.007" errors="0" timestamp="2023-06-16T12:15:08 EDT" skipped="0">
  <testcase classname="myTestSeleniumPackage.DataProviderExampleClass" name="sampleTest" time="0.007"/>
  <testcase classname="myTestSeleniumPackage.DataProviderExampleClass" name="sampleTest" time="0.000"/>
  <testcase classname="myTestSeleniumPackage.DataProviderExampleClass" name="sampleTest" time="0.000"/>
</testsuite> <!-- myTestSeleniumPackage.DataProviderExampleClass -->
